<?xml version="1.0" encoding="UTF-8"?>
<testng-results ignored="0" total="1" passed="1" failed="0" skipped="0">
  <reporter-output>
  </reporter-output>
  <suite started-at="2025-06-14T10:52:04 IST" name="Default suite" finished-at="2025-06-14T10:52:16 IST" duration-ms="11426">
    <groups>
    </groups>
    <test started-at="2025-06-14T10:52:04 IST" name="Default test" finished-at="2025-06-14T10:52:16 IST" duration-ms="11426">
      <class name="reporting.Extents.ERDemo">
        <test-method is-config="true" signature="extentInit()[pri:0, instance:reporting.Extents.ERDemo@5e0e82ae]" started-at="2025-06-14T10:52:05 IST" name="extentInit" finished-at="2025-06-14T10:52:05 IST" duration-ms="282" status="PASS">
          <reporter-output>
          </reporter-output>
        </test-method> <!-- extentInit -->
        <test-method is-config="true" signature="setUp()[pri:0, instance:reporting.Extents.ERDemo@5e0e82ae]" started-at="2025-06-14T10:52:05 IST" name="setUp" finished-at="2025-06-14T10:52:15 IST" duration-ms="10270" status="PASS">
          <reporter-output>
          </reporter-output>
        </test-method> <!-- setUp -->
        <test-method signature="titleTest()[pri:0, instance:reporting.Extents.ERDemo@5e0e82ae]" started-at="2025-06-14T10:52:15 IST" name="titleTest" finished-at="2025-06-14T10:52:15 IST" duration-ms="146" status="PASS">
          <reporter-output>
          </reporter-output>
        </test-method> <!-- titleTest -->
        <test-method is-config="true" signature="tearDown()[pri:0, instance:reporting.Extents.ERDemo@5e0e82ae]" started-at="2025-06-14T10:52:15 IST" name="tearDown" finished-at="2025-06-14T10:52:16 IST" duration-ms="335" status="PASS">
          <reporter-output>
          </reporter-output>
        </test-method> <!-- tearDown -->
        <test-method is-config="true" signature="endReport()[pri:0, instance:reporting.Extents.ERDemo@5e0e82ae]" started-at="2025-06-14T10:52:16 IST" name="endReport" finished-at="2025-06-14T10:52:16 IST" duration-ms="348" status="PASS">
          <reporter-output>
          </reporter-output>
        </test-method> <!-- endReport -->
      </class> <!-- reporting.Extents.ERDemo -->
    </test> <!-- Default test -->
  </suite> <!-- Default suite -->
</testng-results>
